[11:25:40] [main/INFO]: Setting user: Player491
[11:25:41] [Client thread/INFO]: LWJGL Version: 2.9.1
[11:25:45] [Client thread/INFO]: Reloading ResourceManager: Default, FMLFileResourcePack:Forge Mod Loader, FMLFileResourcePack:Minecraft Forge, FMLFileResourcePack:whatahack
[11:25:45] [Client thread/INFO]: Created: 16x16 textures/blocks-atlas
[11:25:45] [Client thread/INFO]: Created: 16x16 textures/items-atlas
[11:25:45] [Client thread/INFO]: Reloading ResourceManager: Default, FMLFileResourcePack:Forge Mod Loader, FMLFileResourcePack:Minecraft Forge, FMLFileResourcePack:whatahack
[11:25:45] [Sound Library Loader/INFO]: Sound engine started
[11:25:45] [Client thread/INFO]: Created: 512x256 textures/blocks-atlas
[11:25:46] [Client thread/INFO]: Created: 256x256 textures/items-atlas
[11:25:47] [Sound Library Loader/INFO]: Sound engine started
[11:25:51] [Server thread/INFO]: Starting integrated minecraft server version 1.7.10
[11:25:51] [Server thread/INFO]: Generating keypair
[11:25:52] [Server thread/INFO]: Preparing start region for level 0
[11:25:52] [Server thread/INFO]: Changing view distance to 12, from 10
[11:25:52] [Server thread/INFO]: Player491[local:E:e49800a1] logged in with entity id 385 at (377.06525530601107, 67.0, 204.55739087757942)
[11:25:52] [Server thread/INFO]: Player491 joined the game
[11:25:58] [Client thread/INFO]: [CHAT] Check your listener
[11:26:00] [Server thread/INFO]: Player491 has just earned the achievement [Taking Inventory]
[11:26:00] [Client thread/INFO]: [CHAT] Player491 has just earned the achievement [Taking Inventory]
[11:26:19] [Server thread/INFO]: Saving and pausing game...
[11:26:19] [Server thread/INFO]: Saving chunks for level 'New World'/Overworld
[11:26:19] [Server thread/INFO]: Saving chunks for level 'New World'/Nether
[11:26:19] [Server thread/INFO]: Saving chunks for level 'New World'/The End
[11:26:20] [Server thread/INFO]: Stopping server
[11:26:20] [Server thread/INFO]: Saving players
[11:26:20] [Server thread/INFO]: Saving worlds
[11:26:20] [Server thread/INFO]: Saving chunks for level 'New World'/Overworld
[11:26:20] [Server thread/INFO]: Saving chunks for level 'New World'/Nether
[11:26:20] [Server thread/INFO]: Saving chunks for level 'New World'/The End
[11:28:57] [Server thread/INFO]: Starting integrated minecraft server version 1.7.10
[11:28:57] [Server thread/INFO]: Generating keypair
[11:28:58] [Server thread/INFO]: Preparing start region for level 0
[11:28:58] [Server thread/INFO]: Changing view distance to 12, from 10
[11:28:58] [Server thread/INFO]: Player491[local:E:fbb230a9] logged in with entity id 1352 at (377.06525530601107, 67.0, 204.55739087757942)
[11:28:58] [Server thread/INFO]: Player491 joined the game
[11:29:09] [Client thread/INFO]: [CHAT] Check your listener
[11:29:38] [Server thread/WARN]: Can't keep up! Did the system time change, or is the server overloaded? Running 3126ms behind, skipping 62 tick(s)
[11:30:12] [Server thread/WARN]: Can't keep up! Did the system time change, or is the server overloaded? Running 16008ms behind, skipping 320 tick(s)
[11:30:30] [Server thread/WARN]: Can't keep up! Did the system time change, or is the server overloaded? Running 18501ms behind, skipping 370 tick(s)
[11:30:59] [Server thread/WARN]: Can't keep up! Did the system time change, or is the server overloaded? Running 2959ms behind, skipping 59 tick(s)
[11:31:33] [Server thread/WARN]: Can't keep up! Did the system time change, or is the server overloaded? Running 8935ms behind, skipping 178 tick(s)
[11:31:59] [Server thread/WARN]: Can't keep up! Did the system time change, or is the server overloaded? Running 3586ms behind, skipping 71 tick(s)
[11:33:14] [Server thread/WARN]: Can't keep up! Did the system time change, or is the server overloaded? Running 9996ms behind, skipping 199 tick(s)
[11:37:28] [Client thread/INFO]: [CHAT] Check your listener
[11:38:27] [Client thread/INFO]: Stopping!
[11:38:27] [Server thread/INFO]: Stopping server
[11:38:27] [Server thread/INFO]: Saving players
[11:38:27] [Server thread/INFO]: Saving worlds
[11:38:27] [Server thread/INFO]: Saving chunks for level 'New World'/Overworld
[11:38:27] [Server thread/INFO]: Saving chunks for level 'New World'/Nether
[11:38:27] [Server thread/INFO]: Saving chunks for level 'New World'/The End
